  {{xgSpeculativeTaskID=00000006}}
  {{xgSpeculativeTaskID=00000007}}
  {{xgSpeculativeTaskID=00000008}}
  {{xgSpeculativeTaskID=00000009}}
  {{xgSpeculativeTaskID=0000000A}}
  {{xgSpeculativeTaskID=0000000B}}
  {{xgSpeculativeTaskID=0000000C}}
  {{xgSpeculativeTaskID=0000000D}}
  {{xgSpeculativeTaskID=0000000E}}
  {{xgSpeculativeTaskID=0000000F}}
  {{xgSpeculativeTaskID=00000010}}
  {{xgSpeculativeTaskID=00000011}}
  {{xgSpeculativeTaskID=00000012}}
  {{xgSpeculativeTaskID=00000013}}
  {{xgSpeculativeTaskID=00000014}}
  {{xgSpeculativeTaskID=00000015}}
  {{xgSpeculativeTaskID=00000016}}
  {{xgSpeculativeTaskID=00000017}}
  {{xgSpeculativeTaskID=00000018}}
  {{xgSpeculativeTaskID=00000019}}
  {{xgSpeculativeTaskID=0000001A}}
  {{xgSpeculativeTaskID=0000001B}}
  {{xgSpeculativeTaskID=0000001C}}
  {{xgSpeculativeTaskID=0000001D}}
  {{xgSpeculativeTaskID=0000001E}}
  {{xgSpeculativeTaskID=0000001F}}
  {{xgSpeculativeTaskID=00000020}}
  {{xgSpeculativeTaskID=00000021}}
  {{xgSpeculativeTaskID=00000022}}
  {{xgSpeculativeTaskID=00000023}}
  {{xgSpeculativeTaskID=00000024}}
  {{xgSpeculativeTaskID=00000025}}
  {{xgSpeculativeTaskID=00000027}}
  Lua.vcxproj -> C:\Users\Administrator\Desktop\Source\bin\Debug\Lua.lib
