  {{xgSpeculativeTaskID=00000026}}
  {{xgSpeculativeTaskID=00000029}}
  {{xgSpeculativeTaskID=0000002A}}
  {{xgSpeculativeTaskID=0000002B}}
  {{xgSpeculativeTaskID=0000002C}}
  {{xgSpeculativeTaskID=0000002D}}
  {{xgSpeculativeTaskID=0000002E}}
  {{xgSpeculativeTaskID=0000002F}}
  {{xgSpeculativeTaskID=00000030}}
  {{xgSpeculativeTaskID=00000031}}
  {{xgSpeculativeTaskID=00000032}}
  {{xgSpeculativeTaskID=00000033}}
  {{xgSpeculativeTaskID=00000034}}
  {{xgSpeculativeTaskID=00000035}}
  {{xgSpeculativeTaskID=00000036}}
  {{xgSpeculativeTaskID=00000037}}
  {{xgSpeculativeTaskID=00000038}}
  {{xgSpeculativeTaskID=00000039}}
  {{xgSpeculativeTaskID=0000003A}}
  {{xgSpeculativeTaskID=0000003B}}
  {{xgSpeculativeTaskID=0000003C}}
  {{xgSpeculativeTaskID=0000003D}}
  {{xgSpeculativeTaskID=0000003F}}
  {{xgSpeculativeTaskID=00000040}}
  {{xgSpeculativeTaskID=00000042}}
  {{xgSpeculativeTaskID=00000043}}
  {{xgSpeculativeTaskID=00000044}}
  {{xgSpeculativeTaskID=00000045}}
  {{xgSpeculativeTaskID=00000046}}
  shared.vcxproj -> C:\Users\Administrator\Desktop\Source\bin\Debug\shared.lib
